app/proguard-project.txt
# To enable ProGuard in your project, edit project.properties
# to define the proguard.config property as described in that file.
#
# Add project specific ProGuard rules here.
# By default, the flags in this file are appended to flags specified
# in ${sdk.dir}/tools/proguard/proguard-android.txt
# You can edit the include path and order by changing the ProGuard
# include property in project.properties.
#
# For more details, see
#   http://developer.android.com/guide/developing/tools/proguard.html

# Add any project specific keep options here:

# If your project uses WebView with JS, uncomment the following
# and specify the fully qualified class name to the JavaScript interface
# class:
#-keepclassmembers class fqcn.of.javascript.interface.for.webview {
#   public *;
#}
-dontwarn java.awt.datatransfer.*, java.awt.dnd.*, java.awt.*, java.awt.image.*, java.awt.color.*, java.awt.dnd.peer.*
-dontwarn java.beans.*
-dontwarn javax.security.sasl.*, javax.security.auth.callback.*

# For facebook
# avoid error 'com.facebook.ao: Unable to save session.'
-keepattributes Signature
-keep class com.facebook.model.** { *; }

-keepnames class * implements java.io.Serializable
-keepclassmembers class * implements java.io.Serializable {
    static final long serialVersionUID;
    private static final java.io.ObjectStreamField[] serialPersistentFields;
    !static !transient <fields>;
    private void writeObject(java.io.ObjectOutputStream);
    private void readObject(java.io.ObjectInputStream);
    java.lang.Object writeReplace();
    java.lang.Object readResolve();
}

# for delivery of email to work
-keep class javax.** {*;}
-keep class com.sun.** {*;}

# google play services
-keep class * extends java.util.ListResourceBundle {
    protected Object[][] getContents();
}
-keep public class com.google.android.gms.common.internal.safeparcel.SafeParcelable {
    public static final *** NULL;
}
-keepnames @com.google.android.gms.common.annotation.KeepName class *
-keepclassmembernames class * {
    @com.google.android.gms.common.annotation.KeepName *;
}
-keepnames class * implements android.os.Parcelable {
    public static final ** CREATOR;
}

# AdColony
-dontwarn android.webkit.**