app/build/intermediates/proguard/release/aapt_rules.txt
# view res/layout/abc_action_menu_item_layout.xml #generated:17
-keep class android.support.v7.internal.view.menu.ActionMenuItemView { <init>(...); }

# view res/layout/abc_action_menu_layout.xml #generated:17
-keep class android.support.v7.internal.view.menu.ActionMenuView { <init>(...); }

# view res/layout/abc_expanded_menu_layout.xml #generated:17
-keep class android.support.v7.internal.view.menu.ExpandedMenuView { <init>(...); }

# view res/layout/abc_list_menu_item_layout.xml #generated:17
# view res/layout/abc_popup_menu_item_layout.xml #generated:17
-keep class android.support.v7.internal.view.menu.ListMenuItemView { <init>(...); }

# view res/layout/abc_action_bar_decor_include.xml #generated:19
# view res/layout/abc_action_bar_decor_include.xml #generated:47
# view res/layout/abc_action_bar_decor_overlay.xml #generated:29
# view res/layout/abc_action_bar_decor_overlay.xml #generated:52
-keep class android.support.v7.internal.widget.ActionBarContainer { <init>(...); }

# view res/layout/abc_action_bar_decor_include.xml #generated:31
# view res/layout/abc_action_bar_decor_overlay.xml #generated:40
# view res/layout/abc_action_mode_bar.xml #generated:19
-keep class android.support.v7.internal.widget.ActionBarContextView { <init>(...); }

# view res/layout/abc_action_bar_decor_overlay.xml #generated:17
-keep class android.support.v7.internal.widget.ActionBarOverlayLayout { <init>(...); }

# view res/layout/abc_action_bar_decor_include.xml #generated:25
# view res/layout/abc_action_bar_decor_overlay.xml #generated:35
-keep class android.support.v7.internal.widget.ActionBarView { <init>(...); }

# view res/layout/abc_action_bar_home.xml #generated:17
-keep class android.support.v7.internal.widget.ActionBarView$HomeView { <init>(...); }

# view res/layout/abc_action_bar_tabbar.xml #generated:17
# view res/layout/abc_activity_chooser_view.xml #generated:19
-keep class android.support.v7.internal.widget.LinearLayoutICS { <init>(...); }

# view v11/res/layout-v11/abc_action_bar_decor.xml #generated:17
# view v11/res/layout-v11/abc_simple_decor.xml #generated:17
-keep class android.support.v7.internal.widget.NativeActionModeAwareLayout { <init>(...); }

# view res/layout/abc_action_bar_tab.xml #generated:17
-keep class android.support.v7.internal.widget.ScrollingTabContainerView$TabView { <init>(...); }

# view res/layout/abc_search_view.xml #generated:85
-keep class android.support.v7.widget.SearchView$SearchAutoComplete { <init>(...); }

# view AndroidManifest.xml #generated:41
-keep class com.facebook.LoginActivity { <init>(...); }

# view res/layout/com_facebook_usersettingsfragment.xml #generated:48
-keep class com.facebook.widget.LoginButton { <init>(...); }

# view AndroidManifest.xml #generated:50
-keep class com.google.android.gms.ads.AdActivity { <init>(...); }

# view res/layout/fragment_main2.xml #generated:64
-keep class com.google.android.gms.ads.AdView { <init>(...); }

# view AndroidManifest.xml #generated:31
-keep class italo.vaffapp.app.InsultActivity { <init>(...); }

# view AndroidManifest.xml #generated:20
-keep class italo.vaffapp.app.MainActivity { <init>(...); }

# view AndroidManifest.xml #generated:53
-keep class italo.vaffapp.app.SendInsultActivity { <init>(...); }

# onClick res/layout/fragment_main2.xml #generated:53
-keepclassmembers class * { *** condividi(...); }

# onClick res/layout/activity_send_insult.xml #generated:102
-keepclassmembers class * { *** sendFeedback(...); }

# onClick res/layout/fragment_main2.xml #generated:41
-keepclassmembers class * { *** showInsult(...); }

# onClick res/layout/fragment_main.xml #generated:24
-keepclassmembers class * { *** startInsultActivity(...); }

# onClick res/layout/fragment_main.xml #generated:35
-keepclassmembers class * { *** startSendInsultActivity(...); }