app/build/outputs/proguard/release/seeds.txt
italo.vaffapp.app.InsultActivity
italo.vaffapp.app.InsultActivity: InsultActivity()
italo.vaffapp.app.InsultActivity: void showInsult(android.view.View)
italo.vaffapp.app.InsultActivity: void checkPresenceOfApps(android.view.View)
italo.vaffapp.app.InsultActivity: void condividi(android.view.View)
italo.vaffapp.app.MainActivity
italo.vaffapp.app.MainActivity: MainActivity()
italo.vaffapp.app.MainActivity: void startInsultActivity(android.view.View)
italo.vaffapp.app.MainActivity: void startSendInsultActivity(android.view.View)
italo.vaffapp.app.R$anim: int abc_fade_in
italo.vaffapp.app.R$anim: int abc_fade_out
italo.vaffapp.app.R$anim: int abc_slide_in_bottom
italo.vaffapp.app.R$anim: int abc_slide_in_top
italo.vaffapp.app.R$anim: int abc_slide_out_bottom
italo.vaffapp.app.R$anim: int abc_slide_out_top
italo.vaffapp.app.R$attr: int actionBarDivider
italo.vaffapp.app.R$attr: int actionBarItemBackground
italo.vaffapp.app.R$attr: int actionBarSize
italo.vaffapp.app.R$attr: int actionBarSplitStyle
italo.vaffapp.app.R$attr: int actionBarStyle
italo.vaffapp.app.R$attr: int actionBarTabBarStyle
italo.vaffapp.app.R$attr: int actionBarTabStyle
italo.vaffapp.app.R$attr: int actionBarTabTextStyle
italo.vaffapp.app.R$attr: int actionBarWidgetTheme
italo.vaffapp.app.R$attr: int actionButtonStyle
italo.vaffapp.app.R$attr: int actionDropDownStyle
italo.vaffapp.app.R$attr: int actionLayout
italo.vaffapp.app.R$attr: int actionMenuTextAppearance
italo.vaffapp.app.R$attr: int actionMenuTextColor
italo.vaffapp.app.R$attr: int actionModeBackground
italo.vaffapp.app.R$attr: int actionModeCloseButtonStyle
italo.vaffapp.app.R$attr: int actionModeCloseDrawable
italo.vaffapp.app.R$attr: int actionModeCopyDrawable
italo.vaffapp.app.R$attr: int actionModeCutDrawable
italo.vaffapp.app.R$attr: int actionModeFindDrawable
italo.vaffapp.app.R$attr: int actionModePasteDrawable
italo.vaffapp.app.R$attr: int actionModePopupWindowStyle
italo.vaffapp.app.R$attr: int actionModeSelectAllDrawable
italo.vaffapp.app.R$attr: int actionModeShareDrawable
italo.vaffapp.app.R$attr: int actionModeSplitBackground
italo.vaffapp.app.R$attr: int actionModeStyle
italo.vaffapp.app.R$attr: int actionModeWebSearchDrawable
italo.vaffapp.app.R$attr: int actionOverflowButtonStyle
italo.vaffapp.app.R$attr: int actionProviderClass
italo.vaffapp.app.R$bool: int abc_action_bar_embed_tabs_pre_jb
italo.vaffapp.app.R$bool: int abc_action_bar_expanded_action_views_exclusive
italo.vaffapp.app.R$bool: int abc_config_actionMenuItemAllCaps
italo.vaffapp.app.R$bool: int abc_config_allowActionMenuItemTextWithIcon
italo.vaffapp.app.R$bool: int abc_config_showMenuShortcutsWhenKeyboardPresent
italo.vaffapp.app.R$bool: int abc_split_action_bar_is_narrow
...
com.google.android.gms.common.images.WebImage
com.google.android.gms.common.images.WebImage: android.os.Parcelable$Creator CREATOR
com.google.android.gms.common.internal.safeparcel.SafeParcelable
com.google.android.gms.common.internal.safeparcel.SafeParcelable: java.lang.String NULL
com.google.android.gms.drive.Contents
com.google.android.gms.drive.Contents: android.os.Parcelable$Creator CREATOR
com.google.android.gms.drive.DriveId
com.google.android.gms.drive.DriveId: android.os.Parcelable$Creator CREATOR
com.google.android.gms.drive.events.ChangeEvent
com.google.android.gms.drive.events.ChangeEvent: android.os.Parcelable$Creator CREATOR
com.google.android.gms.drive.events.ConflictEvent
com.google.android.gms.drive.events.ConflictEvent: android.os.Parcelable$Creator CREATOR
com.google.android.gms.drive.events.DriveEvent
com.google.android.gms.drive.events.ResourceEvent
com.google.android.gms.drive.internal.AddEventListenerRequest
com.google.android.gms.drive.internal.AddEventListenerRequest: android.os.Parcelable$Creator CREATOR
com.google.android.gms.drive.internal.AuthorizeAccessRequest
com.google.android.gms.drive.internal.AuthorizeAccessRequest: android.os.Parcelable$Creator CREATOR
com.google.android.gms.drive.internal.CloseContentsAndUpdateMetadataRequest
com.google.android.gms.drive.internal.CloseContentsAndUpdateMetadataRequest: android.os.Parcelable$Creator CREATOR
com.google.android.gms.drive.internal.CloseContentsRequest
com.google.android.gms.drive.internal.CloseContentsRequest: android.os.Parcelable$Creator CREATOR
com.google.android.gms.drive.internal.CreateContentsRequest
com.google.android.gms.drive.internal.CreateContentsRequest: android.os.Parcelable$Creator CREATOR
com.google.android.gms.drive.internal.CreateFileIntentSenderRequest
com.google.android.gms.drive.internal.CreateFileIntentSenderRequest: android.os.Parcelable$Creator CREATOR
com.google.android.gms.drive.internal.CreateFileRequest
com.google.android.gms.drive.internal.CreateFileRequest: android.os.Parcelable$Creator CREATOR
com.google.android.gms.drive.internal.CreateFolderRequest
com.google.android.gms.drive.internal.CreateFolderRequest: android.os.Parcelable$Creator CREATOR
com.google.android.gms.drive.internal.DisconnectRequest
com.google.android.gms.drive.internal.DisconnectRequest: android.os.Parcelable$Creator CREATOR
com.google.android.gms.drive.internal.GetMetadataRequest
com.google.android.gms.drive.internal.GetMetadataRequest: android.os.Parcelable$Creator CREATOR
com.google.android.gms.drive.internal.ListParentsRequest
com.google.android.gms.drive.internal.ListParentsRequest: android.os.Parcelable$Creator CREATOR
com.google.android.gms.drive.internal.OnContentsResponse
com.google.android.gms.drive.internal.OnContentsResponse: android.os.Parcelable$Creator CREATOR
com.google.android.gms.drive.internal.OnDownloadProgressResponse
com.google.android.gms.drive.internal.OnDownloadProgressResponse: android.os.Parcelable$Creator CREATOR
com.google.android.gms.drive.internal.OnDriveIdResponse
com.google.android.gms.drive.internal.OnDriveIdResponse: android.os.Parcelable$Creator CREATOR
com.google.android.gms.drive.internal.OnEventResponse
com.google.android.gms.drive.internal.OnEventResponse: android.os.Parcelable$Creator CREATOR
com.google.android.gms.drive.internal.OnListEntriesResponse
com.google.android.gms.drive.internal.OnListEntriesResponse: android.os.Parcelable$Creator CREATOR
com.google.android.gms.drive.internal.OnListParentsResponse
com.google.android.gms.drive.internal.OnListParentsResponse: android.os.Parcelable$Creator CREATOR
com.google.android.gms.drive.internal.OnMetadataResponse
com.google.android.gms.drive.internal.OnMetadataResponse: android.os.Parcelable$Creator CREATOR
com.google.android.gms.drive.internal.OnSyncMoreResponse
com.google.android.gms.drive.internal.OnSyncMoreResponse: android.os.Parcelable$Creator CREATOR