app/build/outputs/proguard/release/mapping.txt
italo.vaffapp.app.InsultActivity -> italo.vaffapp.app.InsultActivity:
    java.util.ArrayList insults -> o
    com.facebook.UiLifecycleHelper uiHelper -> p
    com.facebook.Session$StatusCallback callback -> q
    android.widget.TextView insult -> r
    android.widget.TextView insult_desc -> s
    int rand_index -> t
    byte[] occurrences -> u
    short generated_n -> v
    short MAX_RETRIES -> w
    com.google.android.gms.ads.AdView banner -> x
    com.google.android.gms.ads.InterstitialAd interstitial -> y
    java.util.List targetedShareIntents -> z
    java.util.List diff_app -> A
    android.content.Intent sharingIntent -> B
    void onCreate(android.os.Bundle) -> onCreate
    void onActivityResult(int,int,android.content.Intent) -> onActivityResult
    void onResume() -> onResume
    void onSaveInstanceState(android.os.Bundle) -> onSaveInstanceState
    void onPause() -> onPause
    void onDestroy() -> onDestroy
    void onStart() -> onStart
    void displayInterstitial() -> i
    void getTextviews() -> j
    void setTextviews() -> k
    void showInsult(android.view.View) -> showInsult
    void loadInsults() -> l
    java.lang.String getRegionFromId(int) -> b
    void postToFB() -> m
    void insultFriendOnFB() -> n
    void checkPresenceOfApps(android.view.View) -> checkPresenceOfApps
    void twoChoiceMenu() -> o
    void condividi(android.view.View) -> condividi
    boolean onCreateOptionsMenu(android.view.Menu) -> onCreateOptionsMenu
italo.vaffapp.app.InsultActivity$1 -> italo.vaffapp.app.a:
    italo.vaffapp.app.InsultActivity this$0 -> a
    void onClick(android.content.DialogInterface,int) -> onClick
italo.vaffapp.app.InsultActivity$2 -> italo.vaffapp.app.b:
    java.lang.CharSequence[] val$items -> a
    java.lang.String[] val$twitterPackageName -> b
    italo.vaffapp.app.InsultActivity this$0 -> c
    void onClick(android.content.DialogInterface,int) -> onClick
italo.vaffapp.app.InsultActivity$PlaceholderFragment -> italo.vaffapp.app.c:
    android.view.View onCreateView(android.view.LayoutInflater,android.view.ViewGroup,android.os.Bundle) -> a
italo.vaffapp.app.MainActivity -> italo.vaffapp.app.MainActivity:
    void onCreate(android.os.Bundle) -> onCreate
    boolean onCreateOptionsMenu(android.view.Menu) -> onCreateOptionsMenu
    boolean onOptionsItemSelected(android.view.MenuItem) -> onOptionsItemSelected
    void startInsultActivity(android.view.View) -> startInsultActivity
    void startSendInsultActivity(android.view.View) -> startSendInsultActivity
italo.vaffapp.app.MainActivity$PlaceholderFragment -> italo.vaffapp.app.d:
    android.view.View onCreateView(android.view.LayoutInflater,android.view.ViewGroup,android.os.Bundle) -> a
italo.vaffapp.app.SendInsultActivity -> italo.vaffapp.app.SendInsultActivity:
    java.lang.String email_msg -> o
    void onCreate(android.os.Bundle) -> onCreate
    boolean onCreateOptionsMenu(android.view.Menu) -> onCreateOptionsMenu
    void onStart() -> onStart
    boolean onOptionsItemSelected(android.view.MenuItem) -> onOptionsItemSelected
    void sendFeedback(android.view.View) -> sendFeedback
    boolean checkForm() -> i
    java.lang.String access$000(italo.vaffapp.app.SendInsultActivity) -> a
italo.vaffapp.app.SendInsultActivity$1 -> italo.vaffapp.app.e:
    italo.vaffapp.app.SendInsultActivity this$0 -> a
    java.lang.Void doInBackground(java.lang.Void[]) -> a
    java.lang.Object doInBackground(java.lang.Object[]) -> doInBackground
italo.vaffapp.app.SimpleEula -> italo.vaffapp.app.f:
    java.lang.String EULA_AGREEMENT -> a
    java.lang.String EULA_PREFIX -> b
    android.app.Activity mActivity -> c
    android.content.pm.PackageInfo getPackageInfo() -> b
    void show() -> a
    android.app.Activity access$000(italo.vaffapp.app.SimpleEula) -> a
italo.vaffapp.app.SimpleEula$1 -> italo.vaffapp.app.g:
    italo.vaffapp.app.SimpleEula this$0 -> a
    void onClick(android.content.DialogInterface,int) -> onClick
...
com.google.android.gms.maps.GoogleMapOptions -> com.google.android.gms.maps.GoogleMapOptions:
    com.google.android.gms.maps.GoogleMapOptionsCreator CREATOR -> CREATOR
    int xH -> a
    java.lang.Boolean RI -> b
    java.lang.Boolean RJ -> c
    int RK -> d
    com.google.android.gms.maps.model.CameraPosition RL -> e
    java.lang.Boolean RM -> f
    java.lang.Boolean RN -> g
    java.lang.Boolean RO -> h
    java.lang.Boolean RP -> i
    java.lang.Boolean RQ -> j
    java.lang.Boolean RR -> k
    int describeContents() -> describeContents
    void writeToParcel(android.os.Parcel,int) -> writeToParcel
    int getVersionCode() -> a
    byte ig() -> b
    byte ih() -> c
    byte ii() -> d
    byte ij() -> e
    byte ik() -> f
    byte il() -> g
    byte im() -> h
    byte in() -> i
    int getMapType() -> j
    com.google.android.gms.maps.model.CameraPosition getCamera() -> k
com.google.android.gms.maps.GoogleMapOptionsCreator -> com.google.android.gms.maps.a:
    com.google.android.gms.maps.GoogleMapOptions createFromParcel(android.os.Parcel) -> a
    com.google.android.gms.maps.GoogleMapOptions[] newArray(int) -> a
    void a(com.google.android.gms.maps.GoogleMapOptions,android.os.Parcel,int) -> a
    java.lang.Object[] newArray(int) -> newArray
    java.lang.Object createFromParcel(android.os.Parcel) -> createFromParcel
com.google.android.gms.maps.StreetViewPanoramaOptions -> com.google.android.gms.maps.StreetViewPanoramaOptions:
    com.google.android.gms.maps.StreetViewPanoramaOptionsCreator CREATOR -> CREATOR
    int xH -> a
    com.google.android.gms.maps.model.StreetViewPanoramaCamera Sl -> b
    java.lang.String Sm -> c
    com.google.android.gms.maps.model.LatLng Sn -> d
    java.lang.Integer So -> e
    java.lang.Boolean Sp -> f
    java.lang.Boolean RP -> g
    java.lang.Boolean Sq -> h
    java.lang.Boolean Sr -> i
    java.lang.Boolean RJ -> j
    int describeContents() -> describeContents
    void writeToParcel(android.os.Parcel,int) -> writeToParcel
    int getVersionCode() -> a
    byte it() -> b
    byte il() -> c
    byte iu() -> d
    byte iv() -> e
    byte ih() -> f
    com.google.android.gms.maps.model.StreetViewPanoramaCamera getStreetViewPanoramaCamera() -> g
    com.google.android.gms.maps.model.LatLng getPosition() -> h
    java.lang.Integer getRadius() -> i
    java.lang.String getPanoramaId() -> j
com.google.android.gms.maps.StreetViewPanoramaOptionsCreator -> com.google.android.gms.maps.b:
    com.google.android.gms.maps.StreetViewPanoramaOptions createFromParcel(android.os.Parcel) -> a
    com.google.android.gms.maps.StreetViewPanoramaOptions[] newArray(int) -> a
    void a(com.google.android.gms.maps.StreetViewPanoramaOptions,android.os.Parcel,int) -> a
    java.lang.Object[] newArray(int) -> newArray
    java.lang.Object createFromParcel(android.os.Parcel) -> createFromParcel
com.google.android.gms.maps.a -> com.google.android.gms.maps.c:
    void a(com.google.android.gms.maps.GoogleMapOptions,android.os.Parcel,int) -> a
com.google.android.gms.maps.internal.a -> com.google.android.gms.maps.a.a:
    java.lang.Boolean a(byte) -> a
    byte c(java.lang.Boolean) -> a
com.google.android.gms.maps.internal.v -> com.google.android.gms.maps.a.b:
    boolean SB -> a
    boolean iB() -> a
com.google.android.gms.maps.model.BitmapDescriptor -> com.google.android.gms.maps.model.a:
    com.google.android.gms.dynamic.d Rn -> a
    com.google.android.gms.dynamic.d id() -> a