app/build/outputs/proguard/release/usage.txt
italo.vaffapp.app.BuildConfig
italo.vaffapp.app.R
italo.vaffapp.app.R$anim
italo.vaffapp.app.R$attr
italo.vaffapp.app.R$bool
italo.vaffapp.app.R$color
italo.vaffapp.app.R$dimen
italo.vaffapp.app.R$drawable
italo.vaffapp.app.R$id
italo.vaffapp.app.R$integer
italo.vaffapp.app.R$layout
italo.vaffapp.app.R$menu
italo.vaffapp.app.R$string
italo.vaffapp.app.R$style
italo.vaffapp.app.R$styleable
italo.vaffapp.app.databases.DatabaseHandler:
    private static final int DATABASE_VERSION
    private static final java.lang.String DATABASE_NAME
    private static final java.lang.String TABLE_INSULTS
    private static final java.lang.String TABLE_REGIONS
    private static final java.lang.String TABLE_VERSION
    private static final java.lang.String KEY_ID
    private static final java.lang.String KEY_INSULT
    private static final java.lang.String KEY_DESC
    private static final java.lang.String TAG
    194:210:public java.util.ArrayList getAllRegions()
italo.vaffapp.app.databases.Insult:
    int _id
    14:18:public Insult(int,java.lang.String,java.lang.String)
    19:22:public Insult(java.lang.String,java.lang.String)
italo.vaffapp.app.databases.Region
italo.vaffapp.app.mail.GMailSender$ByteArrayDataSource:
    79:82:public GMailSender$ByteArrayDataSource(italo.vaffapp.app.mail.GMailSender,byte[])
    85:86:public void setType(java.lang.String)
    104:104:public java.io.OutputStream getOutputStream()
italo.vaffapp.app.util.SystemUiHider
italo.vaffapp.app.util.SystemUiHider$1
italo.vaffapp.app.util.SystemUiHider$OnVisibilityChangeListener
italo.vaffapp.app.util.SystemUiHiderBase
italo.vaffapp.app.util.SystemUiHiderHoneycomb
italo.vaffapp.app.util.SystemUiHiderHoneycomb$1
...
com.google.android.gms.internal.hx$a
com.google.android.gms.internal.hx$b
com.google.android.gms.internal.hx$c
com.google.android.gms.internal.hy
com.google.android.gms.internal.hy$1
com.google.android.gms.internal.hy$a
com.google.android.gms.internal.hz
com.google.android.gms.internal.ia
com.google.android.gms.internal.ia$1
com.google.android.gms.internal.ia$2
com.google.android.gms.internal.ia$3
com.google.android.gms.internal.ia$4
com.google.android.gms.internal.ia$a
com.google.android.gms.internal.ia$a$1
com.google.android.gms.internal.ia$b
com.google.android.gms.internal.ia$c
com.google.android.gms.internal.ib
com.google.android.gms.internal.ib$1
com.google.android.gms.internal.ib$2
com.google.android.gms.internal.ib$3
com.google.android.gms.internal.ib$4
com.google.android.gms.internal.ib$5
com.google.android.gms.internal.ib$a
com.google.android.gms.internal.ib$a$1
com.google.android.gms.internal.ic:
    public ic(java.util.Set,com.google.android.gms.internal.ic,java.util.List,com.google.android.gms.internal.ic,java.lang.String,java.lang.String,java.lang.String,java.util.List,int,java.util.List,com.google.android.gms.internal.ic,java.util.List,java.lang.String,java.lang.String,com.google.android.gms.internal.ic,java.lang.String,java.lang.String,java.lang.String,java.util.List,java.lang.String,java.lang.String,java.lang.String,java.lang.String,java.lang.String,java.lang.String,java.lang.String,java.lang.String,java.lang.String,com.google.android.gms.internal.ic,java.lang.String,java.lang.String,java.lang.String,java.lang.String,com.google.android.gms.internal.ic,double,com.google.android.gms.internal.ic,double,java.lang.String,com.google.android.gms.internal.ic,java.util.List,java.lang.String,java.lang.String,java.lang.String,java.lang.String,com.google.android.gms.internal.ic,java.lang.String,java.lang.String,java.lang.String,com.google.android.gms.internal.ic,java.lang.String,java.lang.String,java.lang.String,java.lang.String,java.lang.String,java.lang.String)
    public com.google.android.gms.plus.model.moments.ItemScope getAbout()
    public boolean hasAbout()
    public boolean hasAdditionalName()
    public com.google.android.gms.plus.model.moments.ItemScope getAddress()
    public boolean hasAddress()
    public boolean hasAddressCountry()
    public boolean hasAddressLocality()
    public boolean hasAddressRegion()
com.google.android.gms.internal.ie:
    public ie(java.util.Set,java.lang.String,com.google.android.gms.internal.ic,java.lang.String,com.google.android.gms.internal.ic,java.lang.String)
    public boolean hasId()
    public com.google.android.gms.plus.model.moments.ItemScope getResult()
    public boolean hasResult()
    public boolean hasStartDate()
    public com.google.android.gms.plus.model.moments.ItemScope getTarget()
    public boolean hasTarget()
    public boolean hasType()
    public boolean isDataValid()
com.google.android.gms.internal.ig